<?xml version="1.0" encoding="UTF-8"?>
<testng-results ignored="0" total="1" passed="1" failed="0" skipped="0">
  <reporter-output>
  </reporter-output>
  <suite started-at="2025-03-09T22:13:46 IST" name="Default suite" finished-at="2025-03-09T22:13:56 IST" duration-ms="9479">
    <groups>
    </groups>
    <test started-at="2025-03-09T22:13:46 IST" name="Default test" finished-at="2025-03-09T22:13:56 IST" duration-ms="9479">
      <class name="Automation.Test.AppTest">
        <test-method signature="Test()[pri:0, instance:Automation.Test.AppTest@1283bb96]" started-at="2025-03-09T22:13:46 IST" name="Test" finished-at="2025-03-09T22:13:56 IST" duration-ms="9445" status="PASS">
          <reporter-output>
          </reporter-output>
        </test-method> <!-- Test -->
      </class> <!-- Automation.Test.AppTest -->
    </test> <!-- Default test -->
  </suite> <!-- Default suite -->
</testng-results>
